# JRE version: OpenJDK Runtime Environment Temurin-21.0.11+10 (21.0.11+10) (build 21.0.11+10-LTS)
# Java VM: OpenJDK 64-Bit Server VM Temurin-21.0.11+10 (21.0.11+10-LTS, mixed mode, sharing, tiered, compressed oops, compressed class ptrs, parallel gc, windows-amd64)
GC Precious Log:
 CardTable entry size: 512
 CPUs: 12 total, 12 available
 Memory: 5989M
 Large Page Support: Disabled
 NUMA Support: Disabled
 Compressed Oops: Enabled (32-bit)
 Alignments: Space 512K, Generation 512K, Heap 2M
 Heap Min Capacity: 100M
 Heap Initial Capacity: 100M
 Heap Max Capacity: 2G
 Pre-touch: Disabled
 Parallel Workers: 10
Heap:
 PSYoungGen      total 23552K, used 7627K [0x00000000d5580000, 0x00000000d6e80000, 0x0000000100000000)
  eden space 21504K, 28% used [0x00000000d5580000,0x00000000d5b6ee40,0x00000000d6a80000)
  from space 2048K, 75% used [0x00000000d6a80000,0x00000000d6c04010,0x00000000d6c80000)
  to   space 2048K, 0% used [0x00000000d6c80000,0x00000000d6c80000,0x00000000d6e80000)
 ParOldGen       total 71168K, used 70906K [0x0000000080000000, 0x0000000084580000, 0x00000000d5580000)
  object space 71168K, 99% used [0x0000000080000000,0x000000008453e978,0x0000000084580000)
 Metaspace       used 64243K, committed 65856K, reserved 1114112K
  class space    used 6893K, committed 7616K, reserved 1048576K
GC Heap History (20 events):
Event: 62.822 GC heap before
{Heap before GC invocations=57 (full 3):
 PSYoungGen      total 22528K, used 22528K [0x00000000d5580000, 0x00000000d7000000, 0x0000000100000000)
  eden space 22016K, 100% used [0x00000000d5580000,0x00000000d6b00000,0x00000000d6b00000)
  from space 512K, 100% used [0x00000000d6f00000,0x00000000d6f80000,0x00000000d6f80000)
  to   space 512K, 0% used [0x00000000d6f80000,0x00000000d6f80000,0x00000000d7000000)
 ParOldGen       total 68608K, used 61440K [0x0000000080000000, 0x0000000084300000, 0x00000000d5580000)
  object space 68608K, 89% used [0x0000000080000000,0x0000000083c003f8,0x0000000084300000)
 Metaspace       used 62544K, committed 63936K, reserved 1114112K
  class space    used 6665K, committed 7296K, reserved 1048576K
}
Event: 62.823 GC heap after
{Heap after GC invocations=57 (full 3):
 PSYoungGen      total 22528K, used 491K [0x00000000d5580000, 0x00000000d7000000, 0x0000000100000000)
  eden space 22016K, 0% used [0x00000000d5580000,0x00000000d5580000,0x00000000d6b00000)
  from space 512K, 95% used [0x00000000d6f80000,0x00000000d6ffad50,0x00000000d7000000)
  to   space 1536K, 0% used [0x00000000d6d00000,0x00000000d6d00000,0x00000000d6e80000)
 ParOldGen       total 68608K, used 61920K [0x0000000080000000, 0x0000000084300000, 0x00000000d5580000)
  object space 68608K, 90% used [0x0000000080000000,0x0000000083c783f8,0x0000000084300000)
 Metaspace       used 62544K, committed 63936K, reserved 1114112K
  class space    used 6665K, committed 7296K, reserved 1048576K
}
Event: 65.208 GC heap before
{Heap before GC invocations=58 (full 3):
 PSYoungGen      total 22528K, used 22318K [0x00000000d5580000, 0x00000000d7000000, 0x0000000100000000)
  eden space 22016K, 99% used [0x00000000d5580000,0x00000000d6ad0d10,0x00000000d6b00000)
  from space 512K, 95% used [0x00000000d6f80000,0x00000000d6ffad50,0x00000000d7000000)
  to   space 1536K, 0% used [0x00000000d6d00000,0x00000000d6d00000,0x00000000d6e80000)
 ParOldGen       total 68608K, used 61920K [0x0000000080000000, 0x0000000084300000, 0x00000000d5580000)
  object space 68608K, 90% used [0x0000000080000000,0x0000000083c783f8,0x0000000084300000)
 Metaspace       used 63274K, committed 64768K, reserved 1114112K
  class space    used 6755K, committed 7424K, reserved 1048576K
}
Event: 65.211 GC heap after
{Heap after GC invocations=58 (full 3):
 PSYoungGen      total 23552K, used 1394K [0x00000000d5580000, 0x00000000d7000000, 0x0000000100000000)
  eden space 22016K, 0% used [0x00000000d5580000,0x00000000d5580000,0x00000000d6b00000)
  from space 1536K, 90% used [0x00000000d6d00000,0x00000000d6e5c9b8,0x00000000d6e80000)
  to   space 1536K, 0% used [0x00000000d6e80000,0x00000000d6e80000,0x00000000d7000000)
 ParOldGen       total 68608K, used 62272K [0x0000000080000000, 0x0000000084300000, 0x00000000d5580000)
  object space 68608K, 90% used [0x0000000080000000,0x0000000083cd03f8,0x0000000084300000)
 Metaspace       used 63274K, committed 64768K, reserved 1114112K
  class space    used 6755K, committed 7424K, reserved 1048576K
}
Event: 65.236 GC heap before
{Heap before GC invocations=59 (full 3):
 PSYoungGen      total 23552K, used 23410K [0x00000000d5580000, 0x00000000d7000000, 0x0000000100000000)
  eden space 22016K, 100% used [0x00000000d5580000,0x00000000d6b00000,0x00000000d6b00000)
  from space 1536K, 90% used [0x00000000d6d00000,0x00000000d6e5c9b8,0x00000000d6e80000)
  to   space 1536K, 0% used [0x00000000d6e80000,0x00000000d6e80000,0x00000000d7000000)
 ParOldGen       total 68608K, used 62272K [0x0000000080000000, 0x0000000084300000, 0x00000000d5580000)
  object space 68608K, 90% used [0x0000000080000000,0x0000000083cd03f8,0x0000000084300000)
 Metaspace       used 63274K, committed 64768K, reserved 1114112K
  class space    used 6755K, committed 7424K, reserved 1048576K
}
Event: 65.237 GC heap after
{Heap after GC invocations=59 (full 3):
 PSYoungGen      total 23552K, used 1516K [0x00000000d5580000, 0x00000000d7100000, 0x0000000100000000)
  eden space 22016K, 0% used [0x00000000d5580000,0x00000000d5580000,0x00000000d6b00000)
  from space 1536K, 98% used [0x00000000d6e80000,0x00000000d6ffb0a0,0x00000000d7000000)
  to   space 3072K, 0% used [0x00000000d6b00000,0x00000000d6b00000,0x00000000d6e00000)
 ParOldGen       total 68608K, used 63537K [0x0000000080000000, 0x0000000084300000, 0x00000000d5580000)
  object space 68608K, 92% used [0x0000000080000000,0x0000000083e0c778,0x0000000084300000)
 Metaspace       used 63274K, committed 64768K, reserved 1114112K
  class space    used 6755K, committed 7424K, reserved 1048576K
}
Event: 65.265 GC heap before
{Heap before GC invocations=60 (full 3):
 PSYoungGen      total 23552K, used 23532K [0x00000000d5580000, 0x00000000d7100000, 0x0000000100000000)
  eden space 22016K, 100% used [0x00000000d5580000,0x00000000d6b00000,0x00000000d6b00000)
  from space 1536K, 98% used [0x00000000d6e80000,0x00000000d6ffb0a0,0x00000000d7000000)
  to   space 3072K, 0% used [0x00000000d6b00000,0x00000000d6b00000,0x00000000d6e00000)
 ParOldGen       total 68608K, used 63537K [0x0000000080000000, 0x0000000084300000, 0x00000000d5580000)
  object space 68608K, 92% used [0x0000000080000000,0x0000000083e0c778,0x0000000084300000)
 Metaspace       used 63274K, committed 64768K, reserved 1114112K
  class space    used 6755K, committed 7424K, reserved 1048576K
}
Event: 65.266 GC heap after
{Heap after GC invocations=60 (full 3):
 PSYoungGen      total 23040K, used 544K [0x00000000d5580000, 0x00000000d6f00000, 0x0000000100000000)
  eden space 22016K, 0% used [0x00000000d5580000,0x00000000d5580000,0x00000000d6b00000)
  from space 1024K, 53% used [0x00000000d6b00000,0x00000000d6b88000,0x00000000d6c00000)
  to   space 1536K, 0% used [0x00000000d6d80000,0x00000000d6d80000,0x00000000d6f00000)
 ParOldGen       total 68608K, used 64959K [0x0000000080000000, 0x0000000084300000, 0x00000000d5580000)
  object space 68608K, 94% used [0x0000000080000000,0x0000000083f6fd30,0x0000000084300000)
 Metaspace       used 63274K, committed 64768K, reserved 1114112K
  class space    used 6755K, committed 7424K, reserved 1048576K
}
Event: 65.309 GC heap before
{Heap before GC invocations=61 (full 3):
 PSYoungGen      total 23040K, used 22560K [0x00000000d5580000, 0x00000000d6f00000, 0x0000000100000000)
  eden space 22016K, 100% used [0x00000000d5580000,0x00000000d6b00000,0x00000000d6b00000)
  from space 1024K, 53% used [0x00000000d6b00000,0x00000000d6b88000,0x00000000d6c00000)
  to   space 1536K, 0% used [0x00000000d6d80000,0x00000000d6d80000,0x00000000d6f00000)
 ParOldGen       total 68608K, used 64959K [0x0000000080000000, 0x0000000084300000, 0x00000000d5580000)
  object space 68608K, 94% used [0x0000000080000000,0x0000000083f6fd30,0x0000000084300000)
 Metaspace       used 63276K, committed 64832K, reserved 1114112K
  class space    used 6755K, committed 7424K, reserved 1048576K
}
Event: 65.310 GC heap after
{Heap after GC invocations=61 (full 3):
 PSYoungGen      total 23552K, used 1048K [0x00000000d5580000, 0x00000000d6f00000, 0x0000000100000000)
  eden space 22016K, 0% used [0x00000000d5580000,0x00000000d5580000,0x00000000d6b00000)
  from space 1536K, 68% used [0x00000000d6d80000,0x00000000d6e862d0,0x00000000d6f00000)
  to   space 1536K, 0% used [0x00000000d6c00000,0x00000000d6c00000,0x00000000d6d80000)
 ParOldGen       total 68608K, used 65395K [0x0000000080000000, 0x0000000084300000, 0x00000000d5580000)
  object space 68608K, 95% used [0x0000000080000000,0x0000000083fdcd40,0x0000000084300000)
 Metaspace       used 63276K, committed 64832K, reserved 1114112K
  class space    used 6755K, committed 7424K, reserved 1048576K
}
Event: 65.361 GC heap before
{Heap before GC invocations=62 (full 3):
 PSYoungGen      total 23552K, used 23064K [0x00000000d5580000, 0x00000000d6f00000, 0x0000000100000000)
  eden space 22016K, 100% used [0x00000000d5580000,0x00000000d6b00000,0x00000000d6b00000)
  from space 1536K, 68% used [0x00000000d6d80000,0x00000000d6e862d0,0x00000000d6f00000)
  to   space 1536K, 0% used [0x00000000d6c00000,0x00000000d6c00000,0x00000000d6d80000)
 ParOldGen       total 68608K, used 65395K [0x0000000080000000, 0x0000000084300000, 0x00000000d5580000)
  object space 68608K, 95% used [0x0000000080000000,0x0000000083fdcd40,0x0000000084300000)
 Metaspace       used 63276K, committed 64832K, reserved 1114112K
  class space    used 6755K, committed 7424K, reserved 1048576K
}
Event: 65.363 GC heap after
{Heap after GC invocations=62 (full 3):
 PSYoungGen      total 23552K, used 1253K [0x00000000d5580000, 0x00000000d6e00000, 0x0000000100000000)
  eden space 22016K, 0% used [0x00000000d5580000,0x00000000d5580000,0x00000000d6b00000)
  from space 1536K, 81% used [0x00000000d6c00000,0x00000000d6d39460,0x00000000d6d80000)
  to   space 512K, 0% used [0x00000000d6d80000,0x00000000d6d80000,0x00000000d6e00000)
 ParOldGen       total 68608K, used 66333K [0x0000000080000000, 0x0000000084300000, 0x00000000d5580000)
  object space 68608K, 96% used [0x0000000080000000,0x00000000840c7408,0x0000000084300000)
 Metaspace       used 63276K, committed 64832K, reserved 1114112K
  class space    used 6755K, committed 7424K, reserved 1048576K
}
Event: 65.417 GC heap before
{Heap before GC invocations=63 (full 3):
 PSYoungGen      total 23552K, used 23269K [0x00000000d5580000, 0x00000000d6e00000, 0x0000000100000000)
  eden space 22016K, 100% used [0x00000000d5580000,0x00000000d6b00000,0x00000000d6b00000)
  from space 1536K, 81% used [0x00000000d6c00000,0x00000000d6d39460,0x00000000d6d80000)
  to   space 512K, 0% used [0x00000000d6d80000,0x00000000d6d80000,0x00000000d6e00000)
 ParOldGen       total 68608K, used 66333K [0x0000000080000000, 0x0000000084300000, 0x00000000d5580000)
  object space 68608K, 96% used [0x0000000080000000,0x00000000840c7408,0x0000000084300000)
 Metaspace       used 63276K, committed 64832K, reserved 1114112K
  class space    used 6755K, committed 7424K, reserved 1048576K
}
Event: 65.420 GC heap after
{Heap after GC invocations=63 (full 3):
 PSYoungGen      total 22016K, used 501K [0x00000000d5580000, 0x00000000d7100000, 0x0000000100000000)
  eden space 21504K, 0% used [0x00000000d5580000,0x00000000d5580000,0x00000000d6a80000)
  from space 512K, 98% used [0x00000000d6d80000,0x00000000d6dfd7b8,0x00000000d6e00000)
  to   space 3072K, 0% used [0x00000000d6a80000,0x00000000d6a80000,0x00000000d6d80000)
 ParOldGen       total 68608K, used 68565K [0x0000000080000000, 0x0000000084300000, 0x00000000d5580000)
  object space 68608K, 99% used [0x0000000080000000,0x00000000842f5628,0x0000000084300000)
 Metaspace       used 63276K, committed 64832K, reserved 1114112K
  class space    used 6755K, committed 7424K, reserved 1048576K
}
Event: 65.461 GC heap before
{Heap before GC invocations=64 (full 3):
 PSYoungGen      total 22016K, used 22005K [0x00000000d5580000, 0x00000000d7100000, 0x0000000100000000)
  eden space 21504K, 100% used [0x00000000d5580000,0x00000000d6a80000,0x00000000d6a80000)
  from space 512K, 98% used [0x00000000d6d80000,0x00000000d6dfd7b8,0x00000000d6e00000)
  to   space 3072K, 0% used [0x00000000d6a80000,0x00000000d6a80000,0x00000000d6d80000)
 ParOldGen       total 68608K, used 68565K [0x0000000080000000, 0x0000000084300000, 0x00000000d5580000)
  object space 68608K, 99% used [0x0000000080000000,0x00000000842f5628,0x0000000084300000)
 Metaspace       used 63280K, committed 64832K, reserved 1114112K
  class space    used 6755K, committed 7424K, reserved 1048576K
}
Event: 65.462 GC heap after
{Heap after GC invocations=64 (full 3):
 PSYoungGen      total 23040K, used 1381K [0x00000000d5580000, 0x00000000d6e80000, 0x0000000100000000)
  eden space 21504K, 0% used [0x00000000d5580000,0x00000000d5580000,0x00000000d6a80000)
  from space 1536K, 89% used [0x00000000d6a80000,0x00000000d6bd9428,0x00000000d6c00000)
  to   space 2048K, 0% used [0x00000000d6c80000,0x00000000d6c80000,0x00000000d6e80000)
 ParOldGen       total 69120K, used 69098K [0x0000000080000000, 0x0000000084380000, 0x00000000d5580000)
  object space 69120K, 99% used [0x0000000080000000,0x000000008437a920,0x0000000084380000)
 Metaspace       used 63280K, committed 64832K, reserved 1114112K
  class space    used 6755K, committed 7424K, reserved 1048576K
}
Event: 65.508 GC heap before
{Heap before GC invocations=65 (full 3):
 PSYoungGen      total 23040K, used 22885K [0x00000000d5580000, 0x00000000d6e80000, 0x0000000100000000)
  eden space 21504K, 100% used [0x00000000d5580000,0x00000000d6a80000,0x00000000d6a80000)
  from space 1536K, 89% used [0x00000000d6a80000,0x00000000d6bd9428,0x00000000d6c00000)
  to   space 2048K, 0% used [0x00000000d6c80000,0x00000000d6c80000,0x00000000d6e80000)
 ParOldGen       total 69120K, used 69098K [0x0000000080000000, 0x0000000084380000, 0x00000000d5580000)
  object space 69120K, 99% used [0x0000000080000000,0x000000008437a920,0x0000000084380000)
 Metaspace       used 63281K, committed 64832K, reserved 1114112K
  class space    used 6755K, committed 7424K, reserved 1048576K
}
Event: 65.510 GC heap after
{Heap after GC invocations=65 (full 3):
 PSYoungGen      total 23552K, used 1578K [0x00000000d5580000, 0x00000000d6e80000, 0x0000000100000000)
  eden space 21504K, 0% used [0x00000000d5580000,0x00000000d5580000,0x00000000d6a80000)
  from space 2048K, 77% used [0x00000000d6c80000,0x00000000d6e0a8d8,0x00000000d6e80000)
  to   space 2048K, 0% used [0x00000000d6a80000,0x00000000d6a80000,0x00000000d6c80000)
 ParOldGen       total 70656K, used 70314K [0x0000000080000000, 0x0000000084500000, 0x00000000d5580000)
  object space 70656K, 99% used [0x0000000080000000,0x00000000844aa978,0x0000000084500000)
 Metaspace       used 63281K, committed 64832K, reserved 1114112K
  class space    used 6755K, committed 7424K, reserved 1048576K
}
Event: 65.681 GC heap before
{Heap before GC invocations=66 (full 3):
 PSYoungGen      total 23552K, used 23082K [0x00000000d5580000, 0x00000000d6e80000, 0x0000000100000000)
  eden space 21504K, 100% used [0x00000000d5580000,0x00000000d6a80000,0x00000000d6a80000)
  from space 2048K, 77% used [0x00000000d6c80000,0x00000000d6e0a8d8,0x00000000d6e80000)
  to   space 2048K, 0% used [0x00000000d6a80000,0x00000000d6a80000,0x00000000d6c80000)
 ParOldGen       total 70656K, used 70314K [0x0000000080000000, 0x0000000084500000, 0x00000000d5580000)
  object space 70656K, 99% used [0x0000000080000000,0x00000000844aa978,0x0000000084500000)
 Metaspace       used 63800K, committed 65344K, reserved 1114112K
  class space    used 6855K, committed 7552K, reserved 1048576K
}
Event: 65.683 GC heap after
{Heap after GC invocations=66 (full 3):
 PSYoungGen      total 23552K, used 1552K [0x00000000d5580000, 0x00000000d6e80000, 0x0000000100000000)
  eden space 21504K, 0% used [0x00000000d5580000,0x00000000d5580000,0x00000000d6a80000)
  from space 2048K, 75% used [0x00000000d6a80000,0x00000000d6c04010,0x00000000d6c80000)
  to   space 2048K, 0% used [0x00000000d6c80000,0x00000000d6c80000,0x00000000d6e80000)
 ParOldGen       total 71168K, used 70906K [0x0000000080000000, 0x0000000084580000, 0x00000000d5580000)
  object space 71168K, 99% used [0x0000000080000000,0x000000008453e978,0x0000000084580000)
 Metaspace       used 63800K, committed 65344K, reserved 1114112K
  class space    used 6855K, committed 7552K, reserved 1048576K
}

